[02:57:25] [Test worker/INFO]: ActionRegistry frozen with 0 actions
[02:57:25] [Test worker/INFO]: ActionRegistry frozen with 1 actions
[02:57:25] [Test worker/INFO]: ActionRegistry frozen with 1 actions
[02:57:25] [Test worker/INFO]: Registering 0 extra handlers
[02:57:25] [Test worker/INFO]: Herald HTTP server listening on 127.0.0.1:40000
[02:57:25] [Test worker/INFO]: Herald HTTP server stopped
[02:57:25] [Test worker/INFO]: ActionRegistry frozen with 1 actions
[02:57:25] [Test worker/INFO]: Registering 0 extra handlers
[02:57:25] [Test worker/INFO]: Herald HTTP server listening on 127.0.0.1:40000
[02:57:25] [Test worker/INFO]: Herald HTTP server stopped
[02:57:25] [Test worker/INFO]: ActionRegistry frozen with 1 actions
[02:57:25] [Test worker/INFO]: Registering 0 extra handlers
[02:57:25] [Test worker/INFO]: Herald HTTP server listening on 127.0.0.1:40000
[02:57:25] [Test worker/INFO]: Herald HTTP server stopped
[02:57:25] [Test worker/INFO]: ActionRegistry frozen with 1 actions
[02:57:25] [Test worker/INFO]: Registering 0 extra handlers
[02:57:25] [Test worker/INFO]: Herald HTTP server listening on 127.0.0.1:40000
[02:57:25] [Test worker/INFO]: Herald HTTP server stopped
[02:57:25] [Test worker/INFO]: ActionRegistry frozen with 1 actions
[02:57:25] [Test worker/INFO]: Registering 0 extra handlers
[02:57:25] [Test worker/INFO]: Herald HTTP server listening on 127.0.0.1:40000
[02:57:25] [Test worker/INFO]: Herald HTTP server stopped
[02:57:25] [Test worker/INFO]: ActionRegistry frozen with 1 actions
[02:57:25] [Test worker/INFO]: Registering 0 extra handlers
[02:57:25] [Test worker/INFO]: Herald HTTP server listening on 127.0.0.1:40000
[02:57:25] [Test worker/INFO]: Herald HTTP server stopped
[02:57:25] [Test worker/INFO]: Token written to C:\Users\65280\AppData\Local\Temp\junit1412589290720190445\a\client-token
[02:57:25] [Test worker/INFO]: Token written to C:\Users\65280\AppData\Local\Temp\junit1412589290720190445\b\client-token
[02:57:25] [Test worker/INFO]: Token written to C:\Users\65280\AppData\Local\Temp\junit13792688484335210485\.herald\client-token
[02:57:25] [Test worker/INFO]: Token written to C:\Users\65280\AppData\Local\Temp\junit7329378340486571502\.herald\client-token
[02:57:25] [Test worker/INFO]: Token written to C:\Users\65280\AppData\Local\Temp\junit9586471206919063225\.herald\client-token
